# JRE version: OpenJDK Runtime Environment Temurin-25.0.3+9 (25.0.3+9) (build 25.0.3+9-LTS)
# Java VM: OpenJDK 64-Bit Server VM Temurin-25.0.3+9 (25.0.3+9-LTS, mixed mode, sharing, tiered, compressed oops, compressed class ptrs, g1 gc, windows-amd64)
GC Precious Log:
 CardTable entry size: 512
 Card Set container configuration: InlinePtr #cards 5 size 8 Array Of Cards #cards 10 size 36 Howl #buckets 4 coarsen threshold 1843 Howl Bitmap #cards 512 size 80 coarsen threshold 460 Card regions per heap region 1 cards per card region 2048
 CPUs: 4 total, 4 available
 Memory: 8109M
 Large Page Support: Disabled
 NUMA Support: Disabled
 Compressed Oops: Enabled (32-bit)
 Heap Region Size: 1M
 Heap Min Capacity: 8M
 Heap Initial Capacity: 128M
 Heap Max Capacity: 2G
 Pre-touch: Disabled
 Parallel Workers: 4
 Concurrent Workers: 1
 Concurrent Refinement Workers: 4
 Periodic GC: Disabled
Heap:
 garbage-first heap   total reserved 2097152K, committed 203776K, used 192000K [0x0000000080000000, 0x0000000100000000)
  region size 1024K, 2 young (2048K), 2 survivors (2048K)
GC Heap Usage History (20 events):
Event: 9.439 {heap After GC invocations=23 (full 0):
 garbage-first heap   total reserved 2097152K, committed 136192K, used 79935K [0x0000000080000000, 0x0000000100000000)
  region size 1024K, 4 young (4096K), 4 survivors (4096K)
}
Event: 9.944 {heap Before GC invocations=23 (full 0):
 garbage-first heap   total reserved 2097152K, committed 136192K, used 121919K [0x0000000080000000, 0x0000000100000000)
  region size 1024K, 46 young (47104K), 4 survivors (4096K)
}
Event: 9.949 {heap After GC invocations=24 (full 0):
 garbage-first heap   total reserved 2097152K, committed 136192K, used 82345K [0x0000000080000000, 0x0000000100000000)
  region size 1024K, 5 young (5120K), 5 survivors (5120K)
}
Event: 10.503 {heap Before GC invocations=25 (full 0):
 garbage-first heap   total reserved 2097152K, committed 140288K, used 122281K [0x0000000080000000, 0x0000000100000000)
  region size 1024K, 45 young (46080K), 5 survivors (5120K)
}
Event: 10.512 {heap After GC invocations=26 (full 0):
 garbage-first heap   total reserved 2097152K, committed 140288K, used 84810K [0x0000000080000000, 0x0000000100000000)
  region size 1024K, 4 young (4096K), 4 survivors (4096K)
}
Event: 10.938 {heap Before GC invocations=26 (full 0):
 garbage-first heap   total reserved 2097152K, committed 140288K, used 127818K [0x0000000080000000, 0x0000000100000000)
  region size 1024K, 46 young (47104K), 4 survivors (4096K)
}
Event: 10.944 {heap After GC invocations=27 (full 0):
 garbage-first heap   total reserved 2097152K, committed 140288K, used 85940K [0x0000000080000000, 0x0000000100000000)
  region size 1024K, 6 young (6144K), 6 survivors (6144K)
}
Event: 11.234 {heap Before GC invocations=27 (full 0):
 garbage-first heap   total reserved 2097152K, committed 140288K, used 128948K [0x0000000080000000, 0x0000000100000000)
  region size 1024K, 49 young (50176K), 6 survivors (6144K)
}
Event: 11.242 {heap After GC invocations=28 (full 0):
 garbage-first heap   total reserved 2097152K, committed 168960K, used 89109K [0x0000000080000000, 0x0000000100000000)
  region size 1024K, 7 young (7168K), 7 survivors (7168K)
}
Event: 11.884 {heap Before GC invocations=29 (full 0):
 garbage-first heap   total reserved 2097152K, committed 168960K, used 151573K [0x0000000080000000, 0x0000000100000000)
  region size 1024K, 69 young (70656K), 7 survivors (7168K)
}
Event: 11.892 {heap After GC invocations=30 (full 0):
 garbage-first heap   total reserved 2097152K, committed 168960K, used 91968K [0x0000000080000000, 0x0000000100000000)
  region size 1024K, 8 young (8192K), 8 survivors (8192K)
}
Event: 12.058 {heap Before GC invocations=30 (full 0):
 garbage-first heap   total reserved 2097152K, committed 168960K, used 153408K [0x0000000080000000, 0x0000000100000000)
  region size 1024K, 68 young (69632K), 8 survivors (8192K)
}
Event: 12.095 {heap After GC invocations=31 (full 0):
 garbage-first heap   total reserved 2097152K, committed 203776K, used 131584K [0x0000000080000000, 0x0000000100000000)
  region size 1024K, 9 young (9216K), 9 survivors (9216K)
}
Event: 12.196 {heap Before GC invocations=31 (full 0):
 garbage-first heap   total reserved 2097152K, committed 203776K, used 166400K [0x0000000080000000, 0x0000000100000000)
  region size 1024K, 43 young (44032K), 9 survivors (9216K)
}
Event: 12.217 {heap After GC invocations=32 (full 0):
 garbage-first heap   total reserved 2097152K, committed 203776K, used 159232K [0x0000000080000000, 0x0000000100000000)
  region size 1024K, 6 young (6144K), 6 survivors (6144K)
}
Event: 12.258 {heap Before GC invocations=32 (full 0):
 garbage-first heap   total reserved 2097152K, committed 203776K, used 176640K [0x0000000080000000, 0x0000000100000000)
  region size 1024K, 23 young (23552K), 6 survivors (6144K)
}
Event: 12.269 {heap After GC invocations=33 (full 0):
 garbage-first heap   total reserved 2097152K, committed 203776K, used 173568K [0x0000000080000000, 0x0000000100000000)
  region size 1024K, 3 young (3072K), 3 survivors (3072K)
}
Event: 12.296 {heap Before GC invocations=33 (full 0):
 garbage-first heap   total reserved 2097152K, committed 203776K, used 183808K [0x0000000080000000, 0x0000000100000000)
  region size 1024K, 14 young (14336K), 3 survivors (3072K)
}
Event: 12.304 {heap After GC invocations=34 (full 0):
 garbage-first heap   total reserved 2097152K, committed 203776K, used 183296K [0x0000000080000000, 0x0000000100000000)
  region size 1024K, 2 young (2048K), 2 survivors (2048K)
}
Event: 12.380 {heap Before GC invocations=34 (full 0):
 garbage-first heap   total reserved 2097152K, committed 203776K, used 192512K [0x0000000080000000, 0x0000000100000000)
  region size 1024K, 9 young (9216K), 2 survivors (2048K)
}

