# JRE version: OpenJDK Runtime Environment Temurin-25.0.3+9 (25.0.3+9) (build 25.0.3+9-LTS)
# Java VM: OpenJDK 64-Bit Server VM Temurin-25.0.3+9 (25.0.3+9-LTS, mixed mode, sharing, tiered, compressed oops, compressed class ptrs, g1 gc, windows-amd64)
GC Precious Log:
 CardTable entry size: 512
 Card Set container configuration: InlinePtr #cards 5 size 8 Array Of Cards #cards 10 size 36 Howl #buckets 4 coarsen threshold 1843 Howl Bitmap #cards 512 size 80 coarsen threshold 460 Card regions per heap region 1 cards per card region 2048
 CPUs: 4 total, 4 available
 Memory: 8109M
 Large Page Support: Disabled
 NUMA Support: Disabled
 Compressed Oops: Enabled (32-bit)
 Heap Region Size: 1M
 Heap Min Capacity: 8M
 Heap Initial Capacity: 128M
 Heap Max Capacity: 2G
 Pre-touch: Disabled
 Parallel Workers: 4
 Concurrent Workers: 1
 Concurrent Refinement Workers: 4
 Periodic GC: Disabled
Heap:
 garbage-first heap   total reserved 2097152K, committed 181248K, used 132913K [0x0000000080000000, 0x0000000100000000)
  region size 1024K, 31 young (31744K), 3 survivors (3072K)
GC Heap Usage History (20 events):
Event: 12.639 {heap Before GC invocations=23 (full 0):
 garbage-first heap   total reserved 2097152K, committed 130048K, used 116534K [0x0000000080000000, 0x0000000100000000)
  region size 1024K, 43 young (44032K), 5 survivors (5120K)
}
Event: 12.645 {heap After GC invocations=24 (full 0):
 garbage-first heap   total reserved 2097152K, committed 130048K, used 81240K [0x0000000080000000, 0x0000000100000000)
  region size 1024K, 3 young (3072K), 3 survivors (3072K)
}
Event: 13.167 {heap Before GC invocations=25 (full 0):
 garbage-first heap   total reserved 2097152K, committed 137216K, used 119128K [0x0000000080000000, 0x0000000100000000)
  region size 1024K, 41 young (41984K), 3 survivors (3072K)
}
Event: 13.171 {heap After GC invocations=26 (full 0):
 garbage-first heap   total reserved 2097152K, committed 137216K, used 81027K [0x0000000080000000, 0x0000000100000000)
  region size 1024K, 3 young (3072K), 3 survivors (3072K)
}
Event: 15.830 {heap Before GC invocations=26 (full 0):
 garbage-first heap   total reserved 2097152K, committed 137216K, used 125059K [0x0000000080000000, 0x0000000100000000)
  region size 1024K, 47 young (48128K), 3 survivors (3072K)
}
Event: 15.836 {heap After GC invocations=27 (full 0):
 garbage-first heap   total reserved 2097152K, committed 137216K, used 84055K [0x0000000080000000, 0x0000000100000000)
  region size 1024K, 6 young (6144K), 6 survivors (6144K)
}
Event: 16.349 {heap Before GC invocations=27 (full 0):
 garbage-first heap   total reserved 2097152K, committed 137216K, used 125015K [0x0000000080000000, 0x0000000100000000)
  region size 1024K, 47 young (48128K), 6 survivors (6144K)
}
Event: 16.357 {heap After GC invocations=28 (full 0):
 garbage-first heap   total reserved 2097152K, committed 137216K, used 88428K [0x0000000080000000, 0x0000000100000000)
  region size 1024K, 4 young (4096K), 4 survivors (4096K)
}
Event: 18.016 {heap Before GC invocations=29 (full 0):
 garbage-first heap   total reserved 2097152K, committed 148480K, used 126316K [0x0000000080000000, 0x0000000100000000)
  region size 1024K, 42 young (43008K), 4 survivors (4096K)
}
Event: 18.021 {heap After GC invocations=30 (full 0):
 garbage-first heap   total reserved 2097152K, committed 148480K, used 91544K [0x0000000080000000, 0x0000000100000000)
  region size 1024K, 4 young (4096K), 4 survivors (4096K)
}
Event: 18.745 {heap Before GC invocations=30 (full 0):
 garbage-first heap   total reserved 2097152K, committed 148480K, used 135576K [0x0000000080000000, 0x0000000100000000)
  region size 1024K, 48 young (49152K), 4 survivors (4096K)
}
Event: 18.750 {heap After GC invocations=31 (full 0):
 garbage-first heap   total reserved 2097152K, committed 148480K, used 92384K [0x0000000080000000, 0x0000000100000000)
  region size 1024K, 6 young (6144K), 6 survivors (6144K)
}
Event: 19.492 {heap Before GC invocations=31 (full 0):
 garbage-first heap   total reserved 2097152K, committed 148480K, used 135392K [0x0000000080000000, 0x0000000100000000)
  region size 1024K, 49 young (50176K), 6 survivors (6144K)
}
Event: 19.508 {heap After GC invocations=32 (full 0):
 garbage-first heap   total reserved 2097152K, committed 158720K, used 108544K [0x0000000080000000, 0x0000000100000000)
  region size 1024K, 7 young (7168K), 7 survivors (7168K)
}
Event: 19.793 {heap Before GC invocations=33 (full 0):
 garbage-first heap   total reserved 2097152K, committed 181248K, used 136192K [0x0000000080000000, 0x0000000100000000)
  region size 1024K, 34 young (34816K), 7 survivors (7168K)
}
Event: 19.804 {heap After GC invocations=34 (full 0):
 garbage-first heap   total reserved 2097152K, committed 181248K, used 117248K [0x0000000080000000, 0x0000000100000000)
  region size 1024K, 5 young (5120K), 5 survivors (5120K)
}
Event: 20.926 {heap Before GC invocations=34 (full 0):
 garbage-first heap   total reserved 2097152K, committed 181248K, used 150016K [0x0000000080000000, 0x0000000100000000)
  region size 1024K, 37 young (37888K), 5 survivors (5120K)
}
Event: 20.936 {heap After GC invocations=35 (full 0):
 garbage-first heap   total reserved 2097152K, committed 181248K, used 121328K [0x0000000080000000, 0x0000000100000000)
  region size 1024K, 5 young (5120K), 5 survivors (5120K)
}
Event: 21.220 {heap Before GC invocations=35 (full 0):
 garbage-first heap   total reserved 2097152K, committed 181248K, used 153072K [0x0000000080000000, 0x0000000100000000)
  region size 1024K, 37 young (37888K), 5 survivors (5120K)
}
Event: 21.225 {heap After GC invocations=36 (full 0):
 garbage-first heap   total reserved 2097152K, committed 181248K, used 123697K [0x0000000080000000, 0x0000000100000000)
  region size 1024K, 3 young (3072K), 3 survivors (3072K)
}

